<?xml version="1.0" encoding="UTF-8"?>
<testng-results ignored="0" total="1" passed="1" failed="0" skipped="0">
  <reporter-output>
  </reporter-output>
  <suite started-at="2023-04-25T00:52:26 EDT" name="Default Suite" finished-at="2023-04-25T00:53:38 EDT" duration-ms="71775">
    <groups>
    </groups>
    <test started-at="2023-04-25T00:52:26 EDT" name="Test1" finished-at="2023-04-25T00:53:38 EDT" duration-ms="71775">
      <class name="com.score.ScoreApp">
        <test-method is-config="true" signature="beforeTest()[pri:0, instance:com.score.ScoreApp@3ad83a66]" started-at="2023-04-25T00:52:26 EDT" name="beforeTest" finished-at="2023-04-25T00:52:27 EDT" duration-ms="1145" status="PASS">
          <reporter-output>
          </reporter-output>
        </test-method> <!-- beforeTest -->
        <test-method is-config="true" signature="launchApp()[pri:0, instance:com.score.ScoreApp@3ad83a66]" started-at="2023-04-25T00:52:27 EDT" name="launchApp" finished-at="2023-04-25T00:53:37 EDT" depends-on-methods="com.score.Base.beforeTest" duration-ms="69834" status="PASS">
          <reporter-output>
          </reporter-output>
        </test-method> <!-- launchApp -->
        <test-method signature="mytest1()[pri:0, instance:com.score.ScoreApp@3ad83a66]" started-at="2023-04-25T00:53:38 EDT" name="mytest1" finished-at="2023-04-25T00:53:38 EDT" duration-ms="22" status="PASS">
          <reporter-output>
          </reporter-output>
        </test-method> <!-- mytest1 -->
      </class> <!-- com.score.ScoreApp -->
    </test> <!-- Test1 -->
  </suite> <!-- Default Suite -->
</testng-results>
